2014/07/18 16:30:18 [error] [exception.CDbException] exception 'CDbException' with message 'CDbConnection failed to open the DB connection: SQLSTATE[HY000] [1045] Access denied for user 'yiitest'@'localhost' (using password: YES)' in C:\wamp\www\yii\framework\db\CDbConnection.php:382
Stack trace:
#0 C:\wamp\www\yii\framework\db\CDbConnection.php(330): CDbConnection->open()
#1 C:\wamp\www\yii\framework\db\CDbConnection.php(308): CDbConnection->setActive(true)
#2 C:\wamp\www\yii\framework\base\CModule.php(387): CDbConnection->init()
#3 C:\wamp\www\yii\framework\base\CApplication.php(450): CModule->getComponent('db')
#4 C:\wamp\www\yii\framework\db\ar\CActiveRecord.php(634): CApplication->getDb()
#5 C:\wamp\www\yii\framework\db\ar\CActiveRecord.php(667): CActiveRecord->getDbConnection()
#6 C:\wamp\www\yii\framework\db\ar\CActiveRecord.php(1595): CActiveRecord->getCommandBuilder()
#7 C:\wamp\www\yii\framework\web\CActiveDataProvider.php(228): CActiveRecord->count(Object(CDbCriteria))
#8 C:\wamp\www\yii\framework\web\CDataProvider.php(224): CActiveDataProvider->calculateTotalItemCount()
#9 C:\wamp\www\yii\framework\web\CActiveDataProvider.php(178): CDataProvider->getTotalItemCount()
#10 C:\wamp\www\yii\framework\web\CDataProvider.php(168): CActiveDataProvider->fetchData()
#11 C:\wamp\www\yii\framework\zii\widgets\CBaseListView.php(111): CDataProvider->getData()
#12 C:\wamp\www\yii\framework\zii\widgets\CListView.php(211): CBaseListView->init()
#13 C:\wamp\www\yii\framework\web\CBaseController.php(147): CListView->init()
#14 C:\wamp\www\yii\framework\web\CBaseController.php(172): CBaseController->createWidget('zii.widgets.CLi...', Array)
#15 C:\wamp\www\PhpProject2\protected\views\post\index.php(9): CBaseController->widget('zii.widgets.CLi...', Array)
#16 C:\wamp\www\yii\framework\web\CBaseController.php(126): require('C:\\wamp\\www\\Php...')
#17 C:\wamp\www\yii\framework\web\CBaseController.php(95): CBaseController->renderInternal('C:\\wamp\\www\\Php...', Array, true)
#18 C:\wamp\www\yii\framework\web\CController.php(869): CBaseController->renderFile('C:\\wamp\\www\\Php...', Array, true)
#19 C:\wamp\www\yii\framework\web\CController.php(782): CController->renderPartial('index', Array, true)
#20 C:\wamp\www\PhpProject2\protected\controllers\PostController.php(136): CController->render('index', Array)
#21 C:\wamp\www\yii\framework\web\actions\CInlineAction.php(49): PostController->actionIndex()
#22 C:\wamp\www\yii\framework\web\CController.php(308): CInlineAction->runWithParams(Array)
#23 C:\wamp\www\yii\framework\web\filters\CFilterChain.php(133): CController->runAction(Object(CInlineAction))
#24 C:\wamp\www\yii\framework\web\filters\CFilter.php(40): CFilterChain->run()
#25 C:\wamp\www\yii\framework\web\CController.php(1145): CFilter->filter(Object(CFilterChain))
#26 C:\wamp\www\yii\framework\web\filters\CInlineFilter.php(58): CController->filterAccessControl(Object(CFilterChain))
#27 C:\wamp\www\yii\framework\web\filters\CFilterChain.php(130): CInlineFilter->filter(Object(CFilterChain))
#28 C:\wamp\www\yii\framework\web\CController.php(291): CFilterChain->run()
#29 C:\wamp\www\yii\framework\web\CController.php(265): CController->runActionWithFilters(Object(CInlineAction), Array)
#30 C:\wamp\www\yii\framework\web\CWebApplication.php(282): CController->run('')
#31 C:\wamp\www\yii\framework\web\CWebApplication.php(141): CWebApplication->runController('')
#32 C:\wamp\www\yii\framework\base\CApplication.php(180): CWebApplication->processRequest()
#33 C:\wamp\www\PhpProject2\index.php(13): CApplication->run()
#34 {main}
REQUEST_URI=/PhpProject2/index.php?XDEBUG_SESSION_START=netbeans-xdebug
---
